<?xml version="1.0" encoding="UTF-8"?>
<!-- Generated by org.testng.reporters.JUnitReportReporter -->
<testsuite hostname="LAPTOP-8OFVUPCI" failures="0" tests="1" name="Test.PutPatchDel" time="2.933" errors="0" timestamp="2022-02-01T13:42:03 IST" skipped="0">
  <testcase classname="Test.PutPatchDel" name="Delete" time="2.933"/>
  <system-out/>
</testsuite> <!-- Test.PutPatchDel -->
