<?xml version="1.0" encoding="UTF-8"?>
<!-- Generated by org.testng.reporters.JUnitReportReporter -->
<testsuite hostname="LAPTOP-8OFVUPCI" failures="0" tests="1" name="Test.RATest1" time="4.272" errors="0" timestamp="2022-02-01T12:55:19 IST" skipped="0">
  <testcase classname="Test.RATest1" name="Get_2" time="4.272"/>
  <system-out/>
</testsuite> <!-- Test.RATest1 -->
